Change Dir: '/workspace/out/build/default'

Run Build Command(s): /usr/bin/ninja -v -f build-Release.ninja
[1/28] /usr/bin/c++ -DCMAKE_INTDIR=\"Release\" -I/workspace/common/include -isystem /workspace/out/build/default/_deps/gsl-src/include -O3 -DNDEBUG -std=gnu++23 -Wall -Wextra -Werror -pedantic -pedantic-errors -Wconversion -Wsign-conversion -E -x c++ /workspace/common/src/scene.cpp -MT common/CMakeFiles/common.dir/Release/src/scene.cpp.o.ddi -MD -MF common/CMakeFiles/common.dir/Release/src/scene.cpp.o.ddi.d -fmodules-ts -fdeps-file=common/CMakeFiles/common.dir/Release/src/scene.cpp.o.ddi -fdeps-target=common/CMakeFiles/common.dir/Release/src/scene.cpp.o -fdeps-format=p1689r5 -o common/CMakeFiles/common.dir/Release/src/scene.cpp.o.ddi.i
[2/28] /usr/bin/c++ -DCMAKE_INTDIR=\"Release\" -I/workspace/common/include -isystem /workspace/out/build/default/_deps/gsl-src/include -O3 -DNDEBUG -std=gnu++23 -Wall -Wextra -Werror -pedantic -pedantic-errors -Wconversion -Wsign-conversion -E -x c++ /workspace/common/src/config.cpp -MT common/CMakeFiles/common.dir/Release/src/config.cpp.o.ddi -MD -MF common/CMakeFiles/common.dir/Release/src/config.cpp.o.ddi.d -fmodules-ts -fdeps-file=common/CMakeFiles/common.dir/Release/src/config.cpp.o.ddi -fdeps-target=common/CMakeFiles/common.dir/Release/src/config.cpp.o -fdeps-format=p1689r5 -o common/CMakeFiles/common.dir/Release/src/config.cpp.o.ddi.i
[3/28] /usr/bin/c++ -DCMAKE_INTDIR=\"Release\" -I/workspace/common/include -isystem /workspace/out/build/default/_deps/gsl-src/include -O3 -DNDEBUG -std=gnu++23 -Wall -Wextra -Werror -pedantic -pedantic-errors -Wconversion -Wsign-conversion -E -x c++ /workspace/common/src/camera.cpp -MT common/CMakeFiles/common.dir/Release/src/camera.cpp.o.ddi -MD -MF common/CMakeFiles/common.dir/Release/src/camera.cpp.o.ddi.d -fmodules-ts -fdeps-file=common/CMakeFiles/common.dir/Release/src/camera.cpp.o.ddi -fdeps-target=common/CMakeFiles/common.dir/Release/src/camera.cpp.o -fdeps-format=p1689r5 -o common/CMakeFiles/common.dir/Release/src/camera.cpp.o.ddi.i
[4/28] /usr/bin/c++ -DCMAKE_INTDIR=\"Release\" -I/workspace/common/include -isystem /workspace/out/build/default/_deps/gsl-src/include -O3 -DNDEBUG -std=gnu++23 -Wall -Wextra -Werror -pedantic -pedantic-errors -Wconversion -Wsign-conversion -E -x c++ /workspace/common/src/parser.cpp -MT common/CMakeFiles/common.dir/Release/src/parser.cpp.o.ddi -MD -MF common/CMakeFiles/common.dir/Release/src/parser.cpp.o.ddi.d -fmodules-ts -fdeps-file=common/CMakeFiles/common.dir/Release/src/parser.cpp.o.ddi -fdeps-target=common/CMakeFiles/common.dir/Release/src/parser.cpp.o -fdeps-format=p1689r5 -o common/CMakeFiles/common.dir/Release/src/parser.cpp.o.ddi.i
[5/28] /usr/bin/cmake -E cmake_ninja_dyndep --tdi=common/CMakeFiles/common.dir/Release/CXXDependInfo.json --lang=CXX --modmapfmt=gcc --dd=common/CMakeFiles/common.dir/Release/CXX.dd @common/CMakeFiles/common.dir/Release/CXX.dd.rsp
[6/28] /usr/bin/c++ -DCMAKE_INTDIR=\"Release\" -I/workspace/soa/include -I/workspace/common/include -isystem /workspace/out/build/default/_deps/gsl-src/include -O3 -DNDEBUG -std=gnu++23 -E -x c++ /workspace/soa/src/main.cpp -MT soa/CMakeFiles/render-soa.dir/Release/src/main.cpp.o.ddi -MD -MF soa/CMakeFiles/render-soa.dir/Release/src/main.cpp.o.ddi.d -fmodules-ts -fdeps-file=soa/CMakeFiles/render-soa.dir/Release/src/main.cpp.o.ddi -fdeps-target=soa/CMakeFiles/render-soa.dir/Release/src/main.cpp.o -fdeps-format=p1689r5 -o soa/CMakeFiles/render-soa.dir/Release/src/main.cpp.o.ddi.i
[7/28] /usr/bin/cmake -E cmake_ninja_dyndep --tdi=soa/CMakeFiles/render-soa.dir/Release/CXXDependInfo.json --lang=CXX --modmapfmt=gcc --dd=soa/CMakeFiles/render-soa.dir/Release/CXX.dd @soa/CMakeFiles/render-soa.dir/Release/CXX.dd.rsp
[8/28] /usr/bin/c++ -DCMAKE_INTDIR=\"Release\" -I/workspace/aos/include -I/workspace/common/include -isystem /workspace/out/build/default/_deps/gsl-src/include -O3 -DNDEBUG -std=gnu++23 -E -x c++ /workspace/aos/src/main.cpp -MT aos/CMakeFiles/render-aos.dir/Release/src/main.cpp.o.ddi -MD -MF aos/CMakeFiles/render-aos.dir/Release/src/main.cpp.o.ddi.d -fmodules-ts -fdeps-file=aos/CMakeFiles/render-aos.dir/Release/src/main.cpp.o.ddi -fdeps-target=aos/CMakeFiles/render-aos.dir/Release/src/main.cpp.o -fdeps-format=p1689r5 -o aos/CMakeFiles/render-aos.dir/Release/src/main.cpp.o.ddi.i
[9/28] /usr/bin/cmake -E cmake_ninja_dyndep --tdi=aos/CMakeFiles/render-aos.dir/Release/CXXDependInfo.json --lang=CXX --modmapfmt=gcc --dd=aos/CMakeFiles/render-aos.dir/Release/CXX.dd @aos/CMakeFiles/render-aos.dir/Release/CXX.dd.rsp
[10/28] /usr/bin/c++ -DCMAKE_INTDIR=\"Release\" -I/workspace/common/include -isystem /workspace/out/build/default/_deps/gsl-src/include -isystem /workspace/out/build/default/_deps/googletest-src/googletest/include -isystem /workspace/out/build/default/_deps/googletest-src/googletest -O3 -DNDEBUG -std=gnu++23 --coverage -fprofile-arcs -ftest-coverage -fprofile-generate -fprofile-update=atomic -E -x c++ /workspace/utcommon/test_vector.cpp -MT utcommon/CMakeFiles/utcommon.dir/Release/test_vector.cpp.o.ddi -MD -MF utcommon/CMakeFiles/utcommon.dir/Release/test_vector.cpp.o.ddi.d -fmodules-ts -fdeps-file=utcommon/CMakeFiles/utcommon.dir/Release/test_vector.cpp.o.ddi -fdeps-target=utcommon/CMakeFiles/utcommon.dir/Release/test_vector.cpp.o -fdeps-format=p1689r5 -o utcommon/CMakeFiles/utcommon.dir/Release/test_vector.cpp.o.ddi.i
[11/28] /usr/bin/c++ -DCMAKE_INTDIR=\"Release\" -I/workspace/common/include -isystem /workspace/out/build/default/_deps/gsl-src/include -isystem /workspace/out/build/default/_deps/googletest-src/googletest/include -isystem /workspace/out/build/default/_deps/googletest-src/googletest -O3 -DNDEBUG -std=gnu++23 --coverage -fprofile-arcs -ftest-coverage -fprofile-generate -fprofile-update=atomic -E -x c++ /workspace/utcommon/test_camera.cpp -MT utcommon/CMakeFiles/utcommon.dir/Release/test_camera.cpp.o.ddi -MD -MF utcommon/CMakeFiles/utcommon.dir/Release/test_camera.cpp.o.ddi.d -fmodules-ts -fdeps-file=utcommon/CMakeFiles/utcommon.dir/Release/test_camera.cpp.o.ddi -fdeps-target=utcommon/CMakeFiles/utcommon.dir/Release/test_camera.cpp.o -fdeps-format=p1689r5 -o utcommon/CMakeFiles/utcommon.dir/Release/test_camera.cpp.o.ddi.i
[12/28] /usr/bin/cmake -E cmake_ninja_dyndep --tdi=utcommon/CMakeFiles/utcommon.dir/Release/CXXDependInfo.json --lang=CXX --modmapfmt=gcc --dd=utcommon/CMakeFiles/utcommon.dir/Release/CXX.dd @utcommon/CMakeFiles/utcommon.dir/Release/CXX.dd.rsp
[13/28] /usr/bin/c++ -DCMAKE_INTDIR=\"Release\" -isystem /workspace/out/build/default/_deps/googletest-src/googletest/include -isystem /workspace/out/build/default/_deps/googletest-src/googletest -O3 -DNDEBUG -Wall -Wshadow -Wundef -Wno-error=dangling-else -DGTEST_HAS_PTHREAD=1 -fexceptions -Wextra -Wno-unused-parameter -Wno-missing-field-initializers -MD -MT _deps/googletest-build/googletest/CMakeFiles/gtest_main.dir/Release/src/gtest_main.cc.o -MF _deps/googletest-build/googletest/CMakeFiles/gtest_main.dir/Release/src/gtest_main.cc.o.d -o _deps/googletest-build/googletest/CMakeFiles/gtest_main.dir/Release/src/gtest_main.cc.o -c /workspace/out/build/default/_deps/googletest-src/googletest/src/gtest_main.cc
[14/28] /usr/bin/c++ -DCMAKE_INTDIR=\"Release\" -I/workspace/common/include -isystem /workspace/out/build/default/_deps/gsl-src/include -O3 -DNDEBUG -std=gnu++23 -Wall -Wextra -Werror -pedantic -pedantic-errors -Wconversion -Wsign-conversion -MD -MT common/CMakeFiles/common.dir/Release/src/config.cpp.o -MF common/CMakeFiles/common.dir/Release/src/config.cpp.o.d -fmodules-ts -fmodule-mapper=common/CMakeFiles/common.dir/Release/src/config.cpp.o.modmap -MD -fdeps-format=p1689r5 -x c++ -o common/CMakeFiles/common.dir/Release/src/config.cpp.o -c /workspace/common/src/config.cpp
[15/28] /usr/bin/c++ -DCMAKE_INTDIR=\"Release\" -I/workspace/common/include -isystem /workspace/out/build/default/_deps/gsl-src/include -O3 -DNDEBUG -std=gnu++23 -Wall -Wextra -Werror -pedantic -pedantic-errors -Wconversion -Wsign-conversion -MD -MT common/CMakeFiles/common.dir/Release/src/scene.cpp.o -MF common/CMakeFiles/common.dir/Release/src/scene.cpp.o.d -fmodules-ts -fmodule-mapper=common/CMakeFiles/common.dir/Release/src/scene.cpp.o.modmap -MD -fdeps-format=p1689r5 -x c++ -o common/CMakeFiles/common.dir/Release/src/scene.cpp.o -c /workspace/common/src/scene.cpp
[16/28] /usr/bin/c++ -DCMAKE_INTDIR=\"Release\" -I/workspace/common/include -isystem /workspace/out/build/default/_deps/gsl-src/include -O3 -DNDEBUG -std=gnu++23 -Wall -Wextra -Werror -pedantic -pedantic-errors -Wconversion -Wsign-conversion -MD -MT common/CMakeFiles/common.dir/Release/src/camera.cpp.o -MF common/CMakeFiles/common.dir/Release/src/camera.cpp.o.d -fmodules-ts -fmodule-mapper=common/CMakeFiles/common.dir/Release/src/camera.cpp.o.modmap -MD -fdeps-format=p1689r5 -x c++ -o common/CMakeFiles/common.dir/Release/src/camera.cpp.o -c /workspace/common/src/camera.cpp
[17/28] /usr/bin/c++ -DCMAKE_INTDIR=\"Release\" -I/workspace/common/include -isystem /workspace/out/build/default/_deps/gsl-src/include -O3 -DNDEBUG -std=gnu++23 -Wall -Wextra -Werror -pedantic -pedantic-errors -Wconversion -Wsign-conversion -MD -MT common/CMakeFiles/common.dir/Release/src/parser.cpp.o -MF common/CMakeFiles/common.dir/Release/src/parser.cpp.o.d -fmodules-ts -fmodule-mapper=common/CMakeFiles/common.dir/Release/src/parser.cpp.o.modmap -MD -fdeps-format=p1689r5 -x c++ -o common/CMakeFiles/common.dir/Release/src/parser.cpp.o -c /workspace/common/src/parser.cpp
FAILED: common/CMakeFiles/common.dir/Release/src/parser.cpp.o 
/usr/bin/c++ -DCMAKE_INTDIR=\"Release\" -I/workspace/common/include -isystem /workspace/out/build/default/_deps/gsl-src/include -O3 -DNDEBUG -std=gnu++23 -Wall -Wextra -Werror -pedantic -pedantic-errors -Wconversion -Wsign-conversion -MD -MT common/CMakeFiles/common.dir/Release/src/parser.cpp.o -MF common/CMakeFiles/common.dir/Release/src/parser.cpp.o.d -fmodules-ts -fmodule-mapper=common/CMakeFiles/common.dir/Release/src/parser.cpp.o.modmap -MD -fdeps-format=p1689r5 -x c++ -o common/CMakeFiles/common.dir/Release/src/parser.cpp.o -c /workspace/common/src/parser.cpp
/workspace/common/src/parser.cpp:395:1: error: expected declaration before '}' token
  395 | }
      | ^
/workspace/common/src/parser.cpp:397:1: error: expected declaration before '}' token
  397 | }  // namespace render
      | ^
[18/28] /usr/bin/c++ -DCMAKE_INTDIR=\"Release\" -I/workspace/common/include -isystem /workspace/out/build/default/_deps/gsl-src/include -isystem /workspace/out/build/default/_deps/googletest-src/googletest/include -isystem /workspace/out/build/default/_deps/googletest-src/googletest -O3 -DNDEBUG -std=gnu++23 --coverage -fprofile-arcs -ftest-coverage -fprofile-generate -fprofile-update=atomic -MD -MT utcommon/CMakeFiles/utcommon.dir/Release/test_camera.cpp.o -MF utcommon/CMakeFiles/utcommon.dir/Release/test_camera.cpp.o.d -fmodules-ts -fmodule-mapper=utcommon/CMakeFiles/utcommon.dir/Release/test_camera.cpp.o.modmap -MD -fdeps-format=p1689r5 -x c++ -o utcommon/CMakeFiles/utcommon.dir/Release/test_camera.cpp.o -c /workspace/utcommon/test_camera.cpp
[19/28] /usr/bin/c++ -DCMAKE_INTDIR=\"Release\" -I/workspace/common/include -isystem /workspace/out/build/default/_deps/gsl-src/include -isystem /workspace/out/build/default/_deps/googletest-src/googletest/include -isystem /workspace/out/build/default/_deps/googletest-src/googletest -O3 -DNDEBUG -std=gnu++23 --coverage -fprofile-arcs -ftest-coverage -fprofile-generate -fprofile-update=atomic -MD -MT utcommon/CMakeFiles/utcommon.dir/Release/test_vector.cpp.o -MF utcommon/CMakeFiles/utcommon.dir/Release/test_vector.cpp.o.d -fmodules-ts -fmodule-mapper=utcommon/CMakeFiles/utcommon.dir/Release/test_vector.cpp.o.modmap -MD -fdeps-format=p1689r5 -x c++ -o utcommon/CMakeFiles/utcommon.dir/Release/test_vector.cpp.o -c /workspace/utcommon/test_vector.cpp
[20/28] /usr/bin/c++ -DCMAKE_INTDIR=\"Release\" -I/workspace/soa/include -I/workspace/common/include -isystem /workspace/out/build/default/_deps/gsl-src/include -O3 -DNDEBUG -std=gnu++23 -MD -MT soa/CMakeFiles/render-soa.dir/Release/src/main.cpp.o -MF soa/CMakeFiles/render-soa.dir/Release/src/main.cpp.o.d -fmodules-ts -fmodule-mapper=soa/CMakeFiles/render-soa.dir/Release/src/main.cpp.o.modmap -MD -fdeps-format=p1689r5 -x c++ -o soa/CMakeFiles/render-soa.dir/Release/src/main.cpp.o -c /workspace/soa/src/main.cpp
[21/28] /usr/bin/c++ -DCMAKE_INTDIR=\"Release\" -I/workspace/aos/include -I/workspace/common/include -isystem /workspace/out/build/default/_deps/gsl-src/include -O3 -DNDEBUG -std=gnu++23 -MD -MT aos/CMakeFiles/render-aos.dir/Release/src/main.cpp.o -MF aos/CMakeFiles/render-aos.dir/Release/src/main.cpp.o.d -fmodules-ts -fmodule-mapper=aos/CMakeFiles/render-aos.dir/Release/src/main.cpp.o.modmap -MD -fdeps-format=p1689r5 -x c++ -o aos/CMakeFiles/render-aos.dir/Release/src/main.cpp.o -c /workspace/aos/src/main.cpp
[22/28] /usr/bin/c++ -DCMAKE_INTDIR=\"Release\" -I/workspace/out/build/default/_deps/googletest-src/googletest/include -I/workspace/out/build/default/_deps/googletest-src/googletest -O3 -DNDEBUG -Wall -Wshadow -Wundef -Wno-error=dangling-else -DGTEST_HAS_PTHREAD=1 -fexceptions -Wextra -Wno-unused-parameter -Wno-missing-field-initializers -MD -MT _deps/googletest-build/googletest/CMakeFiles/gtest.dir/Release/src/gtest-all.cc.o -MF _deps/googletest-build/googletest/CMakeFiles/gtest.dir/Release/src/gtest-all.cc.o.d -o _deps/googletest-build/googletest/CMakeFiles/gtest.dir/Release/src/gtest-all.cc.o -c /workspace/out/build/default/_deps/googletest-src/googletest/src/gtest-all.cc
ninja: build stopped: subcommand failed.

