------------------------------------------------------------------------------
                           GCC Code Coverage Report
Directory: .
------------------------------------------------------------------------------
File                                       Lines    Exec  Cover   Missing
------------------------------------------------------------------------------
aos/include/render/image_aos.hpp              23      23   100%
aos/src/main.cpp                             113       0     0%   19,24-27,29,31,33,35-36,40-42,45,47-51,55,57-58,61-63,67,69-72,75-78,82-86,90-92,97-99,101,104-107,109,112-116,118,121-123,126-130,133-137,140-145,148-155,157-158,161,167-169,172-173,175-179,182-183,185-186,191,193-197,199-201,203-205
common/include/render/camera.hpp               4       4   100%
common/include/render/ray.hpp                  2       2   100%
common/include/render/vector.hpp              21      20    95%   56
common/src/camera.cpp                         79      45    57%   39,41-46,50,52-58,62,64-66,68,73,76-77,79-81,83,85-88,91-92,94
common/src/hits.cpp                           92      87    94%   27,90,140-142
common/src/parser.cpp                        442     246    55%   38,40-41,53-56,73,77,81,84,87,95-98,100-103,131,146-147,149,154-158,160,163-164,166,171-175,177,180-181,183,188-192,194,197-198,200,205-209,211,227-231,233,238-242,244,255-259,261,264-268,270,282-286,288,291-295,297,309-313,315,318-322,324,362-363,365,393,404-405,410,414,426,430,436,438-439,441-445,447-449,451-452,456,461-462,466,470-471,475,479-481,485,488,508,528,534,542,546,549,552,558-563,565-567,569-570,572-580,582-583,585-586,588-589,591-592,594-597,599,608,611,628-629,632-633,635-636,638-639,642-645,647,652
common/src/ppm.cpp                            29      26    89%   13,16,38
common/src/scene.cpp                         194       0     0%   13-18,21,23-28,31,33-36,38-39,41-42,45-46,48-50,52,54,57-60,62-65,69,71-72,75-78,80,84,86-87,89-93,95-96,98-102,105-107,110-112,115-118,121-128,130,133-134,137-142,144-147,149-152,154,156-158,162-164,166-168,172-174,177,179-180,183,185-189,191-192,195-197,199-204,206-209,211-213,215-217,220-221,223-224,226-228,232-235,237-238,241-244,246-251,253-256,258-261,263-266,268-270,272-274,277-278,280-281,283-284,286-288,292-293,295-296,298-299
soa/include/render/image_soa.hpp              28      28   100%
soa/src/main.cpp                             113       0     0%   19,24-27,29,31,33,35-36,40-42,45,47-51,55,57-58,61-63,67,69-72,75-78,82-86,90-92,97-99,101,104-107,109,112-116,118,121-123,126-130,133-137,140-145,148-155,157-158,161,167-169,172-173,175-179,182-183,185-186,191,193-197,199-201,203-205
------------------------------------------------------------------------------
TOTAL                                       1140     481    42%
------------------------------------------------------------------------------
